{
  "RSpec": {
    "coverage": {
      "/home/silverlongjohns/Makers/challenges/bank-test/spec/account_spec.rb": {
        "lines": [
          null,
          null,
          1,
          null,
          1,
          null,
          3,
          null,
          1,
          1,
          1,
          null,
          null,
          1,
          1,
          1,
          null,
          null
        ]
      },
      "/home/silverlongjohns/Makers/challenges/bank-test/lib/account.rb": {
        "lines": [
          1,
          null,
          1,
          1,
          1,
          2,
          2,
          null,
          null,
          1,
          1,
          1,
          1,
          1,
          null,
          null,
          1,
          1,
          1,
          1,
          1,
          null,
          null
        ]
      },
      "/home/silverlongjohns/Makers/challenges/bank-test/spec/balance_spec.rb": {
        "lines": [
          null,
          null,
          1,
          null,
          1,
          2,
          null,
          2,
          null,
          1,
          1,
          null,
          1,
          null,
          null
        ]
      },
      "/home/silverlongjohns/Makers/challenges/bank-test/lib/balance.rb": {
        "lines": [
          1,
          1,
          1,
          1,
          1,
          null,
          null,
          1,
          1,
          1,
          2,
          1,
          null,
          1,
          null,
          2,
          null,
          1,
          null,
          null
        ]
      },
      "/home/silverlongjohns/Makers/challenges/bank-test/spec/statement_spec.rb": {
        "lines": [
          1,
          null,
          1,
          null,
          2,
          2,
          null,
          2,
          null,
          1,
          1,
          1,
          1,
          1,
          null,
          null,
          null,
          null,
          null,
          null
        ]
      },
      "/home/silverlongjohns/Makers/challenges/bank-test/lib/statement.rb": {
        "lines": [
          1,
          1,
          null,
          1,
          1,
          null,
          1,
          1,
          1,
          null,
          null,
          1,
          1,
          1,
          2,
          2,
          1,
          null,
          1,
          null,
          null,
          1,
          null,
          null,
          1,
          1,
          2,
          null,
          null
        ]
      },
      "/home/silverlongjohns/Makers/challenges/bank-test/spec/user_journey_spec.rb": {
        "lines": [
          1,
          null,
          1,
          1,
          null,
          null,
          null
        ]
      }
    },
    "timestamp": 1599747896
  }
}
