{
  "RSpec": {
    "coverage": {
      "/home/silverlongjohns/Makers/challenges/bank-test/spec/account_spec.rb": {
        "lines": [
          1,
          null,
          1,
          3,
          null,
          3,
          null,
          null,
          1,
          1,
          1,
          1,
          1,
          1,
          null,
          null,
          null,
          null,
          null,
          1,
          1,
          1,
          1,
          1,
          1,
          null,
          null,
          null,
          null,
          null,
          null
        ]
      },
      "/home/silverlongjohns/Makers/challenges/bank-test/lib/account.rb": {
        "lines": [
          1,
          null,
          1,
          1,
          1,
          2,
          null,
          null,
          1,
          0,
          null,
          null,
          1,
          0,
          null,
          null,
          1,
          2,
          2,
          2,
          3,
          3,
          2,
          null,
          1,
          null,
          null,
          2,
          null,
          null
        ]
      },
      "/home/silverlongjohns/Makers/challenges/bank-test/lib/balance.rb": {
        "lines": [
          1,
          null,
          1,
          1,
          1,
          2,
          2,
          2,
          null,
          null,
          1,
          2,
          null,
          2,
          2,
          2,
          null,
          null,
          1,
          1,
          1,
          1,
          1,
          null,
          null,
          1,
          2,
          2,
          3,
          2,
          null,
          1,
          null,
          3,
          null,
          2,
          null,
          null
        ]
      },
      "/home/silverlongjohns/Makers/challenges/bank-test/spec/balance_spec.rb": {
        "lines": [
          1,
          null,
          1,
          null,
          3,
          null,
          1,
          1,
          1,
          null,
          null,
          1,
          1,
          1,
          1,
          null,
          null
        ]
      }
    },
    "timestamp": 1599576884
  }
}
